2024-03-14 00:50:02,570 INFO [31m[1mWARNING: This is a development server. Do not use it in a production deployment. Use a production WSGI server instead.[0m
 * Running on http://127.0.0.1:5000
2024-03-14 00:50:02,571 INFO [33mPress CTRL+C to quit[0m
2024-03-14 00:50:02,571 INFO  * Restarting with stat
2024-03-14 00:50:03,157 WARNING  * Debugger is active!
2024-03-14 00:50:03,160 INFO  * Debugger PIN: 126-619-422
2024-03-14 00:51:17,485 INFO 127.0.0.1 - - [14/Mar/2024 00:51:17] "[35m[1mPOST /email/send HTTP/1.1[0m" 500 -
2024-03-14 00:51:57,172 INFO 127.0.0.1 - - [14/Mar/2024 00:51:57] "[35m[1mPOST /email/send HTTP/1.1[0m" 500 -
2024-03-14 00:52:20,316 INFO 127.0.0.1 - - [14/Mar/2024 00:52:20] "POST /email/send HTTP/1.1" 200 -
2024-03-14 00:53:03,453 INFO 127.0.0.1 - - [14/Mar/2024 00:53:03] "[35m[1mGET /email/confirm?hash=65f22014632624b16a7bd4fc80f19a4a48f75b7a857c9c878dbbfc95c1c7f46ee6a980a1 HTTP/1.1[0m" 500 -
2024-03-14 00:53:23,638 INFO  * Detected change in 'D:\\Projects\\personal-account-backend\\backend\\email\\email.py', reloading
2024-03-14 00:53:23,704 INFO  * Restarting with stat
2024-03-14 00:53:24,358 WARNING  * Debugger is active!
2024-03-14 00:53:24,361 INFO  * Debugger PIN: 126-619-422
2024-03-14 00:53:26,462 INFO 127.0.0.1 - - [14/Mar/2024 00:53:26] "GET /email/confirm?hash=65f22014632624b16a7bd4fc80f19a4a48f75b7a857c9c878dbbfc95c1c7f46ee6a980a1 HTTP/1.1" 200 -
2024-03-14 00:53:57,346 INFO  * Detected change in 'D:\\Projects\\personal-account-backend\\backend\\email\\email.py', reloading
2024-03-14 00:53:57,405 INFO  * Restarting with stat
2024-03-14 00:53:58,075 WARNING  * Debugger is active!
2024-03-14 00:53:58,079 INFO  * Debugger PIN: 126-619-422
2024-03-14 00:54:00,162 INFO 127.0.0.1 - - [14/Mar/2024 00:54:00] "GET /email/confirm?hash=65f22014632624b16a7bd4fc80f19a4a48f75b7a857c9c878dbbfc95c1c7f46ee6a980a1 HTTP/1.1" 200 -
2024-03-14 00:56:13,721 INFO  * Detected change in 'D:\\Projects\\personal-account-backend\\backend\\email\\email.py', reloading
2024-03-14 00:56:13,771 INFO  * Restarting with stat
2024-03-14 00:56:14,353 WARNING  * Debugger is active!
2024-03-14 00:56:14,356 INFO  * Debugger PIN: 126-619-422
2024-03-14 00:56:20,299 INFO 127.0.0.1 - - [14/Mar/2024 00:56:20] "[35m[1mPOST /email/send HTTP/1.1[0m" 500 -
2024-03-14 00:58:30,004 INFO  * Detected change in 'D:\\Projects\\personal-account-backend\\backend\\email\\email.py', reloading
2024-03-14 00:58:30,082 INFO  * Restarting with stat
2024-03-14 00:58:30,727 WARNING  * Debugger is active!
2024-03-14 00:58:30,731 INFO  * Debugger PIN: 126-619-422
2024-03-14 00:58:38,076 INFO 127.0.0.1 - - [14/Mar/2024 00:58:38] "[35m[1mPOST /email/send HTTP/1.1[0m" 500 -
2024-03-14 00:58:47,235 INFO  * Detected change in 'D:\\Projects\\personal-account-backend\\backend\\email\\email.py', reloading
2024-03-14 00:58:47,297 INFO  * Restarting with stat
2024-03-14 00:58:47,930 WARNING  * Debugger is active!
2024-03-14 00:58:47,933 INFO  * Debugger PIN: 126-619-422
2024-03-14 00:58:49,077 INFO 127.0.0.1 - - [14/Mar/2024 00:58:49] "[35m[1mPOST /email/send HTTP/1.1[0m" 500 -
2024-03-14 00:58:54,853 INFO [31m[1mWARNING: This is a development server. Do not use it in a production deployment. Use a production WSGI server instead.[0m
 * Running on http://127.0.0.1:5000
2024-03-14 00:58:54,853 INFO [33mPress CTRL+C to quit[0m
2024-03-14 00:58:54,853 INFO  * Restarting with stat
2024-03-14 00:58:55,430 WARNING  * Debugger is active!
2024-03-14 00:58:55,432 INFO  * Debugger PIN: 126-619-422
2024-03-14 00:59:44,798 INFO [31m[1mWARNING: This is a development server. Do not use it in a production deployment. Use a production WSGI server instead.[0m
 * Running on http://127.0.0.1:5000
2024-03-14 00:59:44,798 INFO [33mPress CTRL+C to quit[0m
2024-03-14 00:59:44,798 INFO  * Restarting with stat
2024-03-14 00:59:45,479 WARNING  * Debugger is active!
2024-03-14 00:59:45,482 INFO  * Debugger PIN: 126-619-422
2024-03-14 00:59:48,579 INFO 127.0.0.1 - - [14/Mar/2024 00:59:48] "[35m[1mPOST /email/send HTTP/1.1[0m" 500 -
2024-03-14 00:59:56,898 INFO 127.0.0.1 - - [14/Mar/2024 00:59:56] "[35m[1mPOST /email/send HTTP/1.1[0m" 500 -
2024-03-14 01:00:03,014 INFO  * Detected change in 'D:\\Projects\\personal-account-backend\\backend\\email\\email.py', reloading
2024-03-14 01:00:03,076 INFO  * Restarting with stat
2024-03-14 01:00:03,669 WARNING  * Debugger is active!
2024-03-14 01:00:03,672 INFO  * Debugger PIN: 126-619-422
2024-03-14 01:00:05,307 INFO 127.0.0.1 - - [14/Mar/2024 01:00:05] "[35m[1mPOST /email/send HTTP/1.1[0m" 500 -
2024-03-14 01:00:13,996 INFO  * Detected change in 'D:\\Projects\\personal-account-backend\\backend\\email\\email.py', reloading
2024-03-14 01:00:14,063 INFO  * Restarting with stat
2024-03-14 01:00:14,769 WARNING  * Debugger is active!
2024-03-14 01:00:14,772 INFO  * Debugger PIN: 126-619-422
2024-03-14 01:00:56,085 INFO 127.0.0.1 - - [14/Mar/2024 01:00:56] "[35m[1mPOST /email/send HTTP/1.1[0m" 500 -
2024-03-14 01:01:27,762 INFO  * Detected change in 'D:\\Projects\\personal-account-backend\\backend\\email\\email.py', reloading
2024-03-14 01:01:27,870 INFO  * Restarting with stat
2024-03-14 01:01:28,617 WARNING  * Debugger is active!
2024-03-14 01:01:28,622 INFO  * Debugger PIN: 126-619-422
2024-03-14 01:01:30,747 INFO  * Detected change in 'D:\\Projects\\personal-account-backend\\backend\\email\\email.py', reloading
2024-03-14 01:01:30,844 INFO  * Restarting with stat
2024-03-14 01:01:31,487 WARNING  * Debugger is active!
2024-03-14 01:01:31,490 INFO  * Debugger PIN: 126-619-422
2024-03-14 01:01:36,539 INFO 127.0.0.1 - - [14/Mar/2024 01:01:36] "[35m[1mPOST /email/send HTTP/1.1[0m" 500 -
2024-03-14 01:04:22,126 INFO  * Detected change in 'D:\\Projects\\personal-account-backend\\backend\\email\\email.py', reloading
2024-03-14 01:04:22,196 INFO  * Restarting with stat
2024-03-14 01:04:22,813 WARNING  * Debugger is active!
2024-03-14 01:04:22,816 INFO  * Debugger PIN: 126-619-422
2024-03-14 01:06:59,057 INFO  * Detected change in 'D:\\Projects\\personal-account-backend\\backend\\email\\email.py', reloading
2024-03-14 01:06:59,119 INFO  * Restarting with stat
2024-03-14 01:06:59,758 WARNING  * Debugger is active!
2024-03-14 01:06:59,761 INFO  * Debugger PIN: 126-619-422
2024-03-14 01:07:03,548 INFO 127.0.0.1 - - [14/Mar/2024 01:07:03] "[35m[1mPOST /email/send HTTP/1.1[0m" 500 -
2024-03-14 01:07:21,262 INFO [31m[1mWARNING: This is a development server. Do not use it in a production deployment. Use a production WSGI server instead.[0m
 * Running on http://127.0.0.1:5000
2024-03-14 01:07:21,262 INFO [33mPress CTRL+C to quit[0m
2024-03-14 01:07:21,262 INFO  * Restarting with stat
2024-03-14 01:07:21,830 WARNING  * Debugger is active!
2024-03-14 01:07:21,832 INFO  * Debugger PIN: 126-619-422
2024-03-14 01:07:24,272 INFO 127.0.0.1 - - [14/Mar/2024 01:07:24] "[35m[1mPOST /email/send HTTP/1.1[0m" 500 -
2024-03-14 01:09:06,648 INFO  * Detected change in 'D:\\Projects\\personal-account-backend\\backend\\email\\email.py', reloading
2024-03-14 01:09:06,711 INFO  * Restarting with stat
2024-03-14 01:09:07,349 WARNING  * Debugger is active!
2024-03-14 01:09:07,353 INFO  * Debugger PIN: 126-619-422
2024-03-14 01:09:12,669 INFO 127.0.0.1 - - [14/Mar/2024 01:09:12] "[35m[1mPOST /email/send HTTP/1.1[0m" 500 -
2024-03-14 01:10:01,859 INFO  * Detected change in 'D:\\Projects\\personal-account-backend\\backend\\email\\email.py', reloading
2024-03-14 01:10:01,944 INFO  * Restarting with stat
2024-03-14 01:10:02,636 WARNING  * Debugger is active!
2024-03-14 01:10:02,639 INFO  * Debugger PIN: 126-619-422
2024-03-14 01:10:07,077 INFO 127.0.0.1 - - [14/Mar/2024 01:10:07] "POST /email/send HTTP/1.1" 200 -
2024-03-14 01:27:46,856 INFO [31m[1mWARNING: This is a development server. Do not use it in a production deployment. Use a production WSGI server instead.[0m
 * Running on http://127.0.0.1:5000
2024-03-14 01:27:46,856 INFO [33mPress CTRL+C to quit[0m
2024-03-14 01:27:46,857 INFO  * Restarting with stat
2024-03-14 01:27:47,406 WARNING  * Debugger is active!
2024-03-14 01:27:47,409 INFO  * Debugger PIN: 126-619-422
2024-03-14 01:27:50,370 INFO 127.0.0.1 - - [14/Mar/2024 01:27:50] "[35m[1mPOST /email/send HTTP/1.1[0m" 500 -
2024-03-14 01:29:03,869 INFO [31m[1mWARNING: This is a development server. Do not use it in a production deployment. Use a production WSGI server instead.[0m
 * Running on http://127.0.0.1:5000
2024-03-14 01:29:03,869 INFO [33mPress CTRL+C to quit[0m
2024-03-14 01:29:03,869 INFO  * Restarting with stat
2024-03-14 01:29:04,503 WARNING  * Debugger is active!
2024-03-14 01:29:04,506 INFO  * Debugger PIN: 126-619-422
2024-03-14 01:29:07,194 INFO 127.0.0.1 - - [14/Mar/2024 01:29:07] "POST /email/send HTTP/1.1" 200 -
2024-03-14 01:29:33,327 INFO  * Detected change in 'D:\\Projects\\personal-account-backend\\backend\\email\\email.py', reloading
2024-03-14 01:29:33,383 INFO  * Restarting with stat
2024-03-14 01:29:34,030 WARNING  * Debugger is active!
2024-03-14 01:29:34,032 INFO  * Debugger PIN: 126-619-422
2024-03-14 01:30:38,795 INFO  * Detected change in 'D:\\Projects\\personal-account-backend\\backend\\email\\email.py', reloading
2024-03-14 01:30:38,870 INFO  * Restarting with stat
2024-03-14 01:30:39,469 WARNING  * Debugger is active!
2024-03-14 01:30:39,472 INFO  * Debugger PIN: 126-619-422
2024-03-14 01:30:45,685 INFO  * Detected change in 'D:\\Projects\\personal-account-backend\\backend\\email\\email.py', reloading
2024-03-14 01:30:45,734 INFO  * Restarting with stat
2024-03-14 01:30:46,322 WARNING  * Debugger is active!
2024-03-14 01:30:46,324 INFO  * Debugger PIN: 126-619-422
2024-03-14 01:31:07,937 INFO  * Detected change in 'D:\\Projects\\personal-account-backend\\backend\\email\\__init__.py', reloading
2024-03-14 01:31:08,029 INFO  * Restarting with stat
2024-03-14 01:31:40,885 INFO [31m[1mWARNING: This is a development server. Do not use it in a production deployment. Use a production WSGI server instead.[0m
 * Running on http://127.0.0.1:5000
2024-03-14 01:31:40,886 INFO [33mPress CTRL+C to quit[0m
2024-03-14 01:31:40,886 INFO  * Restarting with stat
2024-03-14 01:31:41,519 WARNING  * Debugger is active!
2024-03-14 01:31:41,522 INFO  * Debugger PIN: 126-619-422
2024-03-14 01:31:45,022 INFO 127.0.0.1 - - [14/Mar/2024 01:31:45] "POST /email/send HTTP/1.1" 200 -
2024-03-14 01:32:16,492 INFO  * Detected change in 'D:\\Projects\\personal-account-backend\\backend\\email\\email.py', reloading
2024-03-14 01:32:16,553 INFO  * Restarting with stat
2024-03-14 02:03:52,528 INFO [31m[1mWARNING: This is a development server. Do not use it in a production deployment. Use a production WSGI server instead.[0m
 * Running on http://127.0.0.1:5000
2024-03-14 02:03:52,528 INFO [33mPress CTRL+C to quit[0m
2024-03-14 02:03:52,528 INFO  * Restarting with stat
2024-03-14 02:03:53,124 WARNING  * Debugger is active!
2024-03-14 02:03:53,128 INFO  * Debugger PIN: 126-619-422
2024-03-14 02:04:01,359 INFO 127.0.0.1 - - [14/Mar/2024 02:04:01] "[33mPOST /email/send HTTP/1.1[0m" 404 -
2024-03-14 02:04:32,232 INFO 127.0.0.1 - - [14/Mar/2024 02:04:32] "[31m[1mPOST /email/confirm-send HTTP/1.1[0m" 400 -
2024-03-14 02:04:39,645 INFO 127.0.0.1 - - [14/Mar/2024 02:04:39] "[31m[1mPOST /email/confirm-send HTTP/1.1[0m" 400 -
2024-03-14 02:04:50,706 INFO 127.0.0.1 - - [14/Mar/2024 02:04:50] "[35m[1mPOST /email/confirm-send HTTP/1.1[0m" 500 -
2024-03-14 02:05:09,215 INFO  * Detected change in 'D:\\Projects\\personal-account-backend\\backend\\email\\email_confirm.py', reloading
2024-03-14 02:05:09,284 INFO  * Restarting with stat
2024-03-14 02:05:09,900 WARNING  * Debugger is active!
2024-03-14 02:05:09,903 INFO  * Debugger PIN: 126-619-422
2024-03-14 02:05:12,928 INFO 127.0.0.1 - - [14/Mar/2024 02:05:12] "[35m[1mPOST /email/confirm-send HTTP/1.1[0m" 500 -
2024-03-14 02:05:54,170 INFO  * Detected change in 'D:\\Projects\\personal-account-backend\\backend\\email\\email_confirm.py', reloading
2024-03-14 02:05:54,242 INFO  * Restarting with stat
2024-03-14 02:05:54,893 WARNING  * Debugger is active!
2024-03-14 02:05:54,896 INFO  * Debugger PIN: 126-619-422
2024-03-14 02:05:57,097 INFO 127.0.0.1 - - [14/Mar/2024 02:05:57] "[35m[1mPOST /email/confirm-send HTTP/1.1[0m" 500 -
2024-03-14 02:07:41,922 INFO  * Detected change in 'D:\\Projects\\personal-account-backend\\backend\\modules\\create_mail.py', reloading
2024-03-14 02:07:41,991 INFO  * Restarting with stat
2024-03-14 02:07:42,631 WARNING  * Debugger is active!
2024-03-14 02:07:42,634 INFO  * Debugger PIN: 126-619-422
2024-03-14 02:07:48,236 INFO 127.0.0.1 - - [14/Mar/2024 02:07:48] "[35m[1mPOST /email/confirm-send HTTP/1.1[0m" 500 -
2024-03-14 02:08:16,645 INFO  * Detected change in 'D:\\Projects\\personal-account-backend\\backend\\modules\\create_mail.py', reloading
2024-03-14 02:08:16,710 INFO  * Restarting with stat
2024-03-14 02:08:17,374 WARNING  * Debugger is active!
2024-03-14 02:08:17,377 INFO  * Debugger PIN: 126-619-422
2024-03-14 02:08:30,802 INFO  * Detected change in 'D:\\Projects\\personal-account-backend\\backend\\email\\email_confirm.py', reloading
2024-03-14 02:08:30,876 INFO  * Restarting with stat
2024-03-14 02:09:22,514 INFO [31m[1mWARNING: This is a development server. Do not use it in a production deployment. Use a production WSGI server instead.[0m
 * Running on http://127.0.0.1:5000
2024-03-14 02:09:22,514 INFO [33mPress CTRL+C to quit[0m
2024-03-14 02:09:22,514 INFO  * Restarting with stat
2024-03-14 02:09:23,108 WARNING  * Debugger is active!
2024-03-14 02:09:23,111 INFO  * Debugger PIN: 126-619-422
2024-03-14 02:09:27,759 INFO 127.0.0.1 - - [14/Mar/2024 02:09:27] "POST /email/confirm-send HTTP/1.1" 200 -
2024-03-14 02:09:51,997 INFO  * Detected change in 'D:\\Projects\\personal-account-backend\\backend\\modules\\create_mail.py', reloading
2024-03-14 02:09:52,046 INFO  * Restarting with stat
2024-03-14 02:09:52,620 WARNING  * Debugger is active!
2024-03-14 02:09:52,623 INFO  * Debugger PIN: 126-619-422
2024-03-14 02:09:56,323 INFO 127.0.0.1 - - [14/Mar/2024 02:09:56] "GET /email/confirm?hash=65f22014632624b16a7bd4fc80f19a4a48f75b7a857c9c878dbbfc95c1c7f46ee6a980a1 HTTP/1.1" 200 -
2024-03-14 02:10:03,940 INFO 127.0.0.1 - - [14/Mar/2024 02:10:03] "POST /email/confirm-send HTTP/1.1" 200 -
2024-03-14 02:10:51,274 INFO  * Detected change in 'D:\\Projects\\personal-account-backend\\backend\\email\\email_confirm.py', reloading
2024-03-14 02:10:51,349 INFO  * Restarting with stat
2024-03-14 02:10:52,005 WARNING  * Debugger is active!
2024-03-14 02:10:52,009 INFO  * Debugger PIN: 126-619-422
2024-03-14 02:10:59,428 INFO 127.0.0.1 - - [14/Mar/2024 02:10:59] "POST /email/confirm-send HTTP/1.1" 200 -
2024-03-14 02:32:12,689 INFO  * Detected change in 'D:\\Projects\\personal-account-backend\\backend\\modules\\create_mail.py', reloading
2024-03-14 02:32:12,747 INFO  * Restarting with stat
2024-03-14 02:32:13,331 WARNING  * Debugger is active!
2024-03-14 02:32:13,334 INFO  * Debugger PIN: 126-619-422
2024-03-14 02:32:21,338 INFO [31m[1mWARNING: This is a development server. Do not use it in a production deployment. Use a production WSGI server instead.[0m
 * Running on http://127.0.0.1:5000
2024-03-14 02:32:21,338 INFO [33mPress CTRL+C to quit[0m
2024-03-14 02:32:21,338 INFO  * Restarting with stat
2024-03-14 02:32:21,972 WARNING  * Debugger is active!
2024-03-14 02:32:21,975 INFO  * Debugger PIN: 126-619-422
2024-03-14 02:32:25,413 INFO 127.0.0.1 - - [14/Mar/2024 02:32:25] "POST /email/confirm-send HTTP/1.1" 200 -
2024-03-14 02:39:14,671 INFO 127.0.0.1 - - [14/Mar/2024 02:39:14] "POST /email/confirm-send HTTP/1.1" 200 -
2024-03-14 02:42:21,079 INFO  * Detected change in 'D:\\Projects\\personal-account-backend\\backend\\email\\email_confirm.py', reloading
2024-03-14 02:42:21,168 INFO  * Restarting with stat
2024-03-14 02:42:21,910 WARNING  * Debugger is active!
2024-03-14 02:42:21,913 INFO  * Debugger PIN: 126-619-422
2024-03-14 02:46:43,034 INFO  * Detected change in 'D:\\Projects\\personal-account-backend\\backend\\modules\\create_mail.py', reloading
2024-03-14 02:46:43,107 INFO  * Restarting with stat
2024-03-14 02:46:53,197 INFO [31m[1mWARNING: This is a development server. Do not use it in a production deployment. Use a production WSGI server instead.[0m
 * Running on http://127.0.0.1:5000
2024-03-14 02:46:53,197 INFO [33mPress CTRL+C to quit[0m
2024-03-14 02:46:53,198 INFO  * Restarting with stat
2024-03-14 02:46:53,754 WARNING  * Debugger is active!
2024-03-14 02:46:53,756 INFO  * Debugger PIN: 126-619-422
2024-03-14 02:47:00,797 INFO 127.0.0.1 - - [14/Mar/2024 02:47:00] "POST /email/confirm-send HTTP/1.1" 200 -
2024-03-14 02:47:27,992 INFO 127.0.0.1 - - [14/Mar/2024 02:47:27] "POST /email/confirm-send HTTP/1.1" 200 -
2024-03-14 02:47:47,272 INFO  * Detected change in 'D:\\Projects\\personal-account-backend\\backend\\modules\\create_mail.py', reloading
2024-03-14 02:47:47,329 INFO  * Restarting with stat
2024-03-14 02:47:47,986 WARNING  * Debugger is active!
2024-03-14 02:47:47,989 INFO  * Debugger PIN: 126-619-422
2024-03-14 02:49:13,357 INFO  * Detected change in 'D:\\Projects\\personal-account-backend\\backend\\modules\\create_mail.py', reloading
2024-03-14 02:49:13,413 INFO  * Restarting with stat
2024-03-14 02:49:14,574 INFO [31m[1mWARNING: This is a development server. Do not use it in a production deployment. Use a production WSGI server instead.[0m
 * Running on http://127.0.0.1:5000
2024-03-14 02:49:14,574 INFO [33mPress CTRL+C to quit[0m
2024-03-14 02:49:14,574 INFO  * Restarting with stat
2024-03-14 02:49:15,188 WARNING  * Debugger is active!
2024-03-14 02:49:15,191 INFO  * Debugger PIN: 126-619-422
2024-03-14 02:49:21,178 INFO 127.0.0.1 - - [14/Mar/2024 02:49:21] "POST /email/confirm-send HTTP/1.1" 200 -
2024-03-14 02:51:36,010 INFO  * Detected change in 'D:\\Projects\\personal-account-backend\\backend\\email\\email_confirm.py', reloading
2024-03-14 02:51:36,075 INFO  * Restarting with stat
2024-03-14 02:51:36,676 WARNING  * Debugger is active!
2024-03-14 02:51:36,679 INFO  * Debugger PIN: 126-619-422
2024-03-14 02:52:58,908 INFO  * Detected change in 'D:\\Projects\\personal-account-backend\\backend\\email\\email_confirm.py', reloading
2024-03-14 02:52:58,969 INFO  * Restarting with stat
2024-03-14 02:52:59,614 WARNING  * Debugger is active!
2024-03-14 02:52:59,617 INFO  * Debugger PIN: 126-619-422
2024-03-14 02:53:45,877 INFO  * Detected change in 'D:\\Projects\\personal-account-backend\\backend\\email\\email_confirm.py', reloading
2024-03-14 02:53:45,940 INFO  * Restarting with stat
2024-03-14 02:53:46,553 WARNING  * Debugger is active!
2024-03-14 02:53:46,556 INFO  * Debugger PIN: 126-619-422
2024-03-14 02:54:49,284 INFO  * Detected change in 'D:\\Projects\\personal-account-backend\\backend\\email\\email_confirm.py', reloading
2024-03-14 02:54:49,344 INFO  * Restarting with stat
2024-03-14 02:54:49,920 WARNING  * Debugger is active!
2024-03-14 02:54:49,922 INFO  * Debugger PIN: 126-619-422
2024-03-14 02:55:32,047 INFO  * Detected change in 'D:\\Projects\\personal-account-backend\\backend\\email\\email_confirm.py', reloading
2024-03-14 02:55:32,110 INFO  * Restarting with stat
2024-03-14 02:55:32,742 WARNING  * Debugger is active!
2024-03-14 02:55:32,746 INFO  * Debugger PIN: 126-619-422
2024-03-14 02:57:42,370 INFO  * Detected change in 'D:\\Projects\\personal-account-backend\\backend\\modules\\create_mail.py', reloading
2024-03-14 02:57:42,438 INFO  * Restarting with stat
2024-03-14 02:57:43,075 WARNING  * Debugger is active!
2024-03-14 02:57:43,078 INFO  * Debugger PIN: 126-619-422
2024-03-14 02:57:44,731 INFO [31m[1mWARNING: This is a development server. Do not use it in a production deployment. Use a production WSGI server instead.[0m
 * Running on http://127.0.0.1:5000
2024-03-14 02:57:44,731 INFO [33mPress CTRL+C to quit[0m
2024-03-14 02:57:44,731 INFO  * Restarting with stat
2024-03-14 02:57:45,478 WARNING  * Debugger is active!
2024-03-14 02:57:45,481 INFO  * Debugger PIN: 126-619-422
2024-03-14 02:57:50,183 INFO 127.0.0.1 - - [14/Mar/2024 02:57:50] "POST /email/confirm-send HTTP/1.1" 200 -
2024-03-14 02:58:03,030 INFO  * Detected change in 'D:\\Projects\\personal-account-backend\\backend\\modules\\create_mail.py', reloading
2024-03-14 02:58:03,110 INFO  * Restarting with stat
2024-03-14 02:58:03,808 WARNING  * Debugger is active!
2024-03-14 02:58:03,811 INFO  * Debugger PIN: 126-619-422
2024-03-14 02:58:17,353 INFO [31m[1mWARNING: This is a development server. Do not use it in a production deployment. Use a production WSGI server instead.[0m
 * Running on http://127.0.0.1:5000
2024-03-14 02:58:17,353 INFO [33mPress CTRL+C to quit[0m
2024-03-14 02:58:17,353 INFO  * Restarting with stat
2024-03-14 02:58:18,025 WARNING  * Debugger is active!
2024-03-14 02:58:18,028 INFO  * Debugger PIN: 126-619-422
2024-03-14 02:58:22,647 INFO 127.0.0.1 - - [14/Mar/2024 02:58:22] "POST /email/confirm-send HTTP/1.1" 200 -
2024-03-14 02:59:15,775 INFO 127.0.0.1 - - [14/Mar/2024 02:59:15] "POST /email/confirm-send HTTP/1.1" 200 -
2024-03-14 02:59:26,858 INFO 127.0.0.1 - - [14/Mar/2024 02:59:26] "POST /email/confirm-send HTTP/1.1" 200 -
2024-03-14 03:02:03,230 INFO  * Detected change in 'D:\\Projects\\personal-account-backend\\backend\\modules\\create_mail.py', reloading
2024-03-14 03:02:03,300 INFO  * Restarting with stat
2024-03-14 03:02:03,954 WARNING  * Debugger is active!
2024-03-14 03:02:03,957 INFO  * Debugger PIN: 126-619-422
2024-03-14 03:02:15,248 INFO 127.0.0.1 - - [14/Mar/2024 03:02:15] "POST /email/confirm-send HTTP/1.1" 200 -
2024-03-14 03:02:20,558 INFO 127.0.0.1 - - [14/Mar/2024 03:02:20] "POST /email/confirm-send HTTP/1.1" 200 -
2024-03-14 03:03:16,971 INFO  * Detected change in 'D:\\Projects\\personal-account-backend\\backend\\modules\\create_mail.py', reloading
2024-03-14 03:03:17,040 INFO  * Restarting with stat
2024-03-14 03:03:17,676 WARNING  * Debugger is active!
2024-03-14 03:03:17,679 INFO  * Debugger PIN: 126-619-422
2024-03-14 03:03:56,753 INFO  * Detected change in 'D:\\Projects\\personal-account-backend\\backend\\modules\\create_mail.py', reloading
2024-03-14 03:03:56,816 INFO  * Restarting with stat
2024-03-14 03:03:57,433 WARNING  * Debugger is active!
2024-03-14 03:03:57,437 INFO  * Debugger PIN: 126-619-422
2024-03-14 03:04:00,641 INFO 127.0.0.1 - - [14/Mar/2024 03:04:00] "POST /email/confirm-send HTTP/1.1" 200 -
2024-03-14 03:05:29,961 INFO  * Detected change in 'D:\\Projects\\personal-account-backend\\backend\\modules\\create_mail.py', reloading
2024-03-14 03:05:30,023 INFO  * Restarting with stat
2024-03-14 03:05:30,696 WARNING  * Debugger is active!
2024-03-14 03:05:30,699 INFO  * Debugger PIN: 126-619-422
2024-03-14 03:05:35,163 INFO 127.0.0.1 - - [14/Mar/2024 03:05:35] "POST /email/confirm-send HTTP/1.1" 200 -
2024-03-14 03:05:41,962 INFO 127.0.0.1 - - [14/Mar/2024 03:05:41] "[32mGET /email/confirm?hash=65f23f4e632624b16a7bd4fc80f19a4a48f75b7a857c9c878dbbfc95c1c7f46ee6a980a1 HTTP/1.1[0m" 302 -
2024-03-14 03:06:25,101 INFO 127.0.0.1 - - [14/Mar/2024 03:06:25] "OPTIONS /email/confirm?hash=65f23f4e632624b16a7bd4fc80f19a4a48f75b7a857c9c878dbbfc95c1c7f46ee6a980a1 HTTP/1.1" 200 -
2024-03-14 03:06:25,124 INFO 127.0.0.1 - - [14/Mar/2024 03:06:25] "[32mGET /email/confirm?hash=65f23f4e632624b16a7bd4fc80f19a4a48f75b7a857c9c878dbbfc95c1c7f46ee6a980a1 HTTP/1.1[0m" 302 -
2024-03-14 03:06:43,627 INFO 127.0.0.1 - - [14/Mar/2024 03:06:43] "[32mGET /email/confirm?hash=65f23f4e632624b16a7bd4fc80f19a4a48f75b7a857c9c878dbbfc95c1c7f46ee6a980a1 HTTP/1.1[0m" 302 -
2024-03-14 03:08:01,323 INFO 127.0.0.1 - - [14/Mar/2024 03:08:01] "POST /email/confirm-send HTTP/1.1" 200 -
2024-03-14 03:08:07,854 INFO 127.0.0.1 - - [14/Mar/2024 03:08:07] "[32mGET /email/confirm?hash=65f23fe0632624b16a7bd4fc80f19a4a48f75b7a857c9c878dbbfc95c1c7f46ee6a980a1 HTTP/1.1[0m" 302 -
2024-04-06 16:00:13,825 INFO DATABASE LOAD.
2024-04-06 16:00:14,551 INFO [31m[1mWARNING: This is a development server. Do not use it in a production deployment. Use a production WSGI server instead.[0m
 * Running on http://127.0.0.1:5000
2024-04-06 16:00:14,551 INFO [33mPress CTRL+C to quit[0m
2024-04-06 16:00:14,553 INFO  * Restarting with stat
2024-04-06 16:00:15,305 INFO DATABASE LOAD.
2024-04-06 16:00:15,579 WARNING  * Debugger is active!
2024-04-06 16:00:15,591 INFO  * Debugger PIN: 328-982-154
2024-04-06 16:10:32,826 INFO  * Detected change in 'C:\\Projects\\WISH\\personal-account-backend\\backend\\entities\\forms.py', reloading
2024-04-06 16:10:32,947 INFO  * Restarting with stat
2024-04-06 16:10:33,989 INFO DATABASE LOAD.
2024-04-06 16:10:34,580 WARNING  * Debugger is active!
2024-04-06 16:10:34,587 INFO  * Debugger PIN: 328-982-154
2024-04-06 16:10:36,794 INFO DATABASE LOAD.
2024-04-06 16:10:37,015 INFO [31m[1mWARNING: This is a development server. Do not use it in a production deployment. Use a production WSGI server instead.[0m
 * Running on http://127.0.0.1:5000
2024-04-06 16:10:37,015 INFO [33mPress CTRL+C to quit[0m
2024-04-06 16:10:37,015 INFO  * Restarting with stat
2024-04-06 16:10:37,728 INFO DATABASE LOAD.
2024-04-06 16:10:38,076 WARNING  * Debugger is active!
2024-04-06 16:10:38,083 INFO  * Debugger PIN: 328-982-154
2024-04-06 16:10:54,846 INFO 127.0.0.1 - - [06/Apr/2024 16:10:54] "[31m[1mPOST /account/edit/user HTTP/1.1[0m" 400 -
2024-04-06 16:11:20,480 INFO  * Detected change in 'C:\\Projects\\WISH\\personal-account-backend\\backend\\modules\\user.py', reloading
2024-04-06 16:11:20,573 INFO  * Restarting with stat
2024-04-06 16:11:21,392 INFO DATABASE LOAD.
2024-04-06 16:11:21,577 WARNING  * Debugger is active!
2024-04-06 16:11:21,585 INFO  * Debugger PIN: 328-982-154
2024-04-06 16:11:22,805 INFO DATABASE LOAD.
2024-04-06 16:11:23,020 INFO [31m[1mWARNING: This is a development server. Do not use it in a production deployment. Use a production WSGI server instead.[0m
 * Running on http://127.0.0.1:5000
2024-04-06 16:11:23,020 INFO [33mPress CTRL+C to quit[0m
2024-04-06 16:11:23,021 INFO  * Restarting with stat
2024-04-06 16:11:23,753 INFO DATABASE LOAD.
2024-04-06 16:11:23,939 WARNING  * Debugger is active!
2024-04-06 16:11:23,947 INFO  * Debugger PIN: 328-982-154
2024-04-06 16:11:29,313 INFO  * Detected change in 'C:\\Projects\\WISH\\personal-account-backend\\backend\\modules\\user.py', reloading
2024-04-06 16:11:29,398 INFO  * Restarting with stat
2024-04-06 16:11:30,195 INFO DATABASE LOAD.
2024-04-06 16:11:30,475 WARNING  * Debugger is active!
2024-04-06 16:11:30,486 INFO  * Debugger PIN: 328-982-154
2024-04-06 16:11:33,933 ERROR DATABASE ERROR ON EDIT_ACCOUNT: ОШИБКА:  ошибка синтаксиса (примерное положение: "=")
LINE 1: UPDATE users SET Данила='Данила', Гинда='Гинда', ='', 2005-0...
                                                         ^

2024-04-06 16:11:33,933 INFO 127.0.0.1 - - [06/Apr/2024 16:11:33] "[35m[1mPOST /account/edit/user HTTP/1.1[0m" 500 -
2024-04-06 16:12:33,021 INFO  * Detected change in 'C:\\Projects\\WISH\\personal-account-backend\\backend\\modules\\user.py', reloading
2024-04-06 16:12:33,120 INFO  * Restarting with stat
2024-04-06 16:12:35,050 INFO DATABASE LOAD.
2024-04-06 16:12:35,280 INFO [31m[1mWARNING: This is a development server. Do not use it in a production deployment. Use a production WSGI server instead.[0m
 * Running on http://127.0.0.1:5000
2024-04-06 16:12:35,280 INFO [33mPress CTRL+C to quit[0m
2024-04-06 16:12:35,281 INFO  * Restarting with stat
2024-04-06 16:12:36,163 INFO DATABASE LOAD.
2024-04-06 16:12:36,369 WARNING  * Debugger is active!
2024-04-06 16:12:36,378 INFO  * Debugger PIN: 328-982-154
2024-04-06 16:12:36,750 ERROR DATABASE ERROR ON EDIT_ACCOUNT: ОШИБКА:  ошибка синтаксиса (примерное положение: "=")
LINE 1: UPDATE users SET Данила='Данила', Гинда='Гинда', ='', 2005-0...
                                                         ^

2024-04-06 16:12:36,751 INFO 127.0.0.1 - - [06/Apr/2024 16:12:36] "[35m[1mPOST /account/edit/user HTTP/1.1[0m" 500 -
2024-04-06 16:13:12,660 INFO  * Detected change in 'C:\\Projects\\WISH\\personal-account-backend\\backend\\modules\\user.py', reloading
2024-04-06 16:13:12,769 INFO  * Restarting with stat
2024-04-06 16:13:13,772 INFO DATABASE LOAD.
2024-04-06 16:13:13,980 WARNING  * Debugger is active!
2024-04-06 16:13:13,988 INFO  * Debugger PIN: 328-982-154
2024-04-06 16:13:15,862 INFO DATABASE LOAD.
2024-04-06 16:13:16,089 INFO [31m[1mWARNING: This is a development server. Do not use it in a production deployment. Use a production WSGI server instead.[0m
 * Running on http://127.0.0.1:5000
2024-04-06 16:13:16,089 INFO [33mPress CTRL+C to quit[0m
2024-04-06 16:13:16,090 INFO  * Restarting with stat
2024-04-06 16:13:16,808 INFO DATABASE LOAD.
2024-04-06 16:13:16,995 WARNING  * Debugger is active!
2024-04-06 16:13:17,003 INFO  * Debugger PIN: 328-982-154
2024-04-06 16:13:21,774 INFO UPDATE users SET Данила=%s, Гинда=%s, =%s, 2005-04-07=%s, Backend Developer from Voskresensk=%s WHERE id = %s
2024-04-06 16:13:21,777 ERROR DATABASE ERROR ON EDIT_ACCOUNT: ОШИБКА:  ошибка синтаксиса (примерное положение: "=")
LINE 1: UPDATE users SET Данила='Данила', Гинда='Гинда', ='', 2005-0...
                                                         ^

2024-04-06 16:13:21,777 INFO 127.0.0.1 - - [06/Apr/2024 16:13:21] "[35m[1mPOST /account/edit/user HTTP/1.1[0m" 500 -
2024-04-06 16:14:21,607 INFO  * Detected change in 'C:\\Projects\\WISH\\personal-account-backend\\backend\\modules\\user.py', reloading
2024-04-06 16:14:21,723 INFO  * Restarting with stat
2024-04-06 16:14:22,533 INFO DATABASE LOAD.
2024-04-06 16:14:22,706 WARNING  * Debugger is active!
2024-04-06 16:14:22,713 INFO  * Debugger PIN: 328-982-154
2024-04-06 16:14:27,805 INFO DATABASE LOAD.
2024-04-06 16:14:27,997 INFO [31m[1mWARNING: This is a development server. Do not use it in a production deployment. Use a production WSGI server instead.[0m
 * Running on http://127.0.0.1:5000
2024-04-06 16:14:27,997 INFO [33mPress CTRL+C to quit[0m
2024-04-06 16:14:27,997 INFO  * Restarting with stat
2024-04-06 16:14:28,732 INFO DATABASE LOAD.
2024-04-06 16:14:28,914 WARNING  * Debugger is active!
2024-04-06 16:14:28,921 INFO  * Debugger PIN: 328-982-154
2024-04-06 16:14:29,747 INFO UPDATE users SET first_name=%s, last_name=%s, patronymic=%s, birthday=%s, description=%s WHERE id = %s
2024-04-06 16:14:29,849 INFO 127.0.0.1 - - [06/Apr/2024 16:14:29] "[35m[1mPOST /account/edit/user HTTP/1.1[0m" 500 -
2024-04-06 16:14:54,366 INFO  * Detected change in 'C:\\Projects\\WISH\\personal-account-backend\\backend\\modules\\user.py', reloading
2024-04-06 16:14:54,458 INFO  * Restarting with stat
2024-04-06 16:14:55,297 INFO DATABASE LOAD.
2024-04-06 16:14:56,808 INFO DATABASE LOAD.
2024-04-06 16:14:57,062 INFO [31m[1mWARNING: This is a development server. Do not use it in a production deployment. Use a production WSGI server instead.[0m
 * Running on http://127.0.0.1:5000
2024-04-06 16:14:57,062 INFO [33mPress CTRL+C to quit[0m
2024-04-06 16:14:57,062 INFO  * Restarting with stat
2024-04-06 16:14:57,846 INFO DATABASE LOAD.
2024-04-06 16:14:58,065 WARNING  * Debugger is active!
2024-04-06 16:14:58,073 INFO  * Debugger PIN: 328-982-154
2024-04-06 16:15:15,116 INFO  * Detected change in 'C:\\Projects\\WISH\\personal-account-backend\\backend\\modules\\user.py', reloading
2024-04-06 16:15:15,242 INFO  * Restarting with stat
2024-04-06 16:15:16,030 INFO DATABASE LOAD.
2024-04-06 16:15:16,212 WARNING  * Debugger is active!
2024-04-06 16:15:16,219 INFO  * Debugger PIN: 328-982-154
2024-04-06 16:15:18,444 INFO  * Detected change in 'C:\\Projects\\WISH\\personal-account-backend\\backend\\modules\\user.py', reloading
2024-04-06 16:15:18,561 INFO  * Restarting with stat
2024-04-06 16:15:19,322 INFO DATABASE LOAD.
2024-04-06 16:15:19,653 WARNING  * Debugger is active!
2024-04-06 16:15:19,662 INFO  * Debugger PIN: 328-982-154
2024-04-06 16:15:21,731 INFO UPDATE users SET first_name=%s, last_name=%s, patronymic=%s, birthday=%s, description=%s WHERE id = %s
2024-04-06 16:15:21,732 INFO 127.0.0.1 - - [06/Apr/2024 16:15:21] "POST /account/edit/user HTTP/1.1" 200 -
2024-04-06 16:15:34,590 INFO  * Detected change in 'C:\\Projects\\WISH\\personal-account-backend\\backend\\modules\\user.py', reloading
2024-04-06 16:15:34,684 INFO  * Restarting with stat
2024-04-06 16:15:35,426 INFO DATABASE LOAD.
2024-04-06 16:15:35,631 WARNING  * Debugger is active!
2024-04-06 16:15:35,648 INFO  * Debugger PIN: 328-982-154
2024-04-06 16:15:37,891 INFO  * Detected change in 'C:\\Projects\\WISH\\personal-account-backend\\backend\\modules\\user.py', reloading
2024-04-06 16:15:38,012 INFO  * Restarting with stat
2024-04-06 16:15:40,073 INFO DATABASE LOAD.
2024-04-06 16:15:40,296 INFO [31m[1mWARNING: This is a development server. Do not use it in a production deployment. Use a production WSGI server instead.[0m
 * Running on http://127.0.0.1:5000
2024-04-06 16:15:40,296 INFO [33mPress CTRL+C to quit[0m
2024-04-06 16:15:40,296 INFO  * Restarting with stat
2024-04-06 16:15:41,068 INFO DATABASE LOAD.
2024-04-06 16:15:41,279 WARNING  * Debugger is active!
2024-04-06 16:15:41,287 INFO  * Debugger PIN: 328-982-154
2024-04-06 16:15:49,586 INFO UPDATE users SET first_name=%s, last_name=%s, patronymic=%s, birthday=%s, description=%s WHERE id = %s
2024-04-06 16:15:49,589 INFO 127.0.0.1 - - [06/Apr/2024 16:15:49] "POST /account/edit/user HTTP/1.1" 200 -
2024-04-06 16:16:29,961 INFO  * Detected change in 'C:\\Projects\\WISH\\personal-account-backend\\backend\\entities\\forms.py', reloading
2024-04-06 16:16:30,061 INFO  * Restarting with stat
2024-04-06 16:16:30,787 INFO DATABASE LOAD.
2024-04-06 16:16:30,999 WARNING  * Debugger is active!
2024-04-06 16:16:31,009 INFO  * Debugger PIN: 328-982-154
2024-04-06 16:17:00,575 INFO  * Detected change in 'C:\\Projects\\WISH\\personal-account-backend\\backend\\entities\\__init__.py', reloading
2024-04-06 16:17:00,711 INFO  * Restarting with stat
2024-04-06 16:17:01,547 INFO DATABASE LOAD.
2024-04-06 16:17:01,761 WARNING  * Debugger is active!
2024-04-06 16:17:01,769 INFO  * Debugger PIN: 328-982-154
2024-04-06 16:18:40,167 INFO  * Detected change in 'C:\\Projects\\WISH\\personal-account-backend\\backend\\entities\\__init__.py', reloading
2024-04-06 16:18:40,256 INFO  * Restarting with stat
2024-04-06 16:18:41,050 INFO DATABASE LOAD.
2024-04-06 16:18:41,253 WARNING  * Debugger is active!
2024-04-06 16:18:41,263 INFO  * Debugger PIN: 328-982-154
2024-04-06 16:19:40,559 INFO  * Detected change in 'C:\\Projects\\WISH\\personal-account-backend\\backend\\entities\\__init__.py', reloading
2024-04-06 16:19:40,667 INFO  * Restarting with stat
2024-04-06 16:19:41,493 INFO DATABASE LOAD.
2024-04-06 16:19:41,712 WARNING  * Debugger is active!
2024-04-06 16:19:41,722 INFO  * Debugger PIN: 328-982-154
2024-04-06 16:19:48,233 INFO DATABASE LOAD.
2024-04-06 16:19:48,442 INFO [31m[1mWARNING: This is a development server. Do not use it in a production deployment. Use a production WSGI server instead.[0m
 * Running on http://127.0.0.1:5000
2024-04-06 16:19:48,442 INFO [33mPress CTRL+C to quit[0m
2024-04-06 16:19:48,442 INFO  * Restarting with stat
2024-04-06 16:19:49,319 INFO DATABASE LOAD.
2024-04-06 16:19:49,525 WARNING  * Debugger is active!
2024-04-06 16:19:49,534 INFO  * Debugger PIN: 328-982-154
2024-04-06 16:19:55,374 INFO UPDATE users SET first_name=%s, last_name=%s, patronymic=%s, birthday=%s, description=%s, background_color=%s WHERE id = %s
2024-04-06 16:19:55,377 INFO 127.0.0.1 - - [06/Apr/2024 16:19:55] "POST /account/edit/user HTTP/1.1" 200 -
2024-04-06 16:20:22,540 INFO  * Detected change in 'C:\\Projects\\WISH\\personal-account-backend\\backend\\entities\\forms.py', reloading
2024-04-06 16:20:22,751 INFO  * Restarting with stat
2024-04-06 16:20:23,857 INFO DATABASE LOAD.
2024-04-06 16:20:24,059 WARNING  * Debugger is active!
2024-04-06 16:20:25,399 INFO DATABASE LOAD.
2024-04-06 16:20:25,651 INFO [31m[1mWARNING: This is a development server. Do not use it in a production deployment. Use a production WSGI server instead.[0m
 * Running on http://127.0.0.1:5000
2024-04-06 16:20:25,652 INFO [33mPress CTRL+C to quit[0m
2024-04-06 16:20:25,652 INFO  * Restarting with stat
2024-04-06 16:20:26,599 INFO DATABASE LOAD.
2024-04-06 16:20:26,838 WARNING  * Debugger is active!
2024-04-06 16:20:26,848 INFO  * Debugger PIN: 328-982-154
2024-04-06 16:20:48,760 INFO 127.0.0.1 - - [06/Apr/2024 16:20:48] "[31m[1mPOST /account/edit/user HTTP/1.1[0m" 400 -
2024-04-06 16:22:15,184 INFO UPDATE users SET background_color=%s, first_name=%s, last_name=%s, patronymic=%s, birthday=%s, description=%s WHERE id = %s
2024-04-06 16:22:15,188 INFO 127.0.0.1 - - [06/Apr/2024 16:22:15] "POST /account/edit/user HTTP/1.1" 200 -
2024-04-06 16:22:50,845 INFO  * Detected change in 'C:\\Projects\\WISH\\personal-account-backend\\backend\\modules\\user.py', reloading
2024-04-06 16:22:51,033 INFO  * Restarting with stat
2024-04-06 16:22:52,173 INFO DATABASE LOAD.
2024-04-06 16:22:52,361 WARNING  * Debugger is active!
2024-04-06 16:22:52,370 INFO  * Debugger PIN: 328-982-154
2024-04-06 16:22:53,972 INFO DATABASE LOAD.
2024-04-06 16:22:54,235 INFO [31m[1mWARNING: This is a development server. Do not use it in a production deployment. Use a production WSGI server instead.[0m
 * Running on http://127.0.0.1:5000
2024-04-06 16:22:54,235 INFO [33mPress CTRL+C to quit[0m
2024-04-06 16:22:54,235 INFO  * Restarting with stat
2024-04-06 16:22:55,147 INFO DATABASE LOAD.
2024-04-06 16:22:55,343 WARNING  * Debugger is active!
2024-04-06 16:22:55,352 INFO  * Debugger PIN: 328-982-154
2024-04-06 16:22:58,282 INFO 127.0.0.1 - - [06/Apr/2024 16:22:58] "[31m[1mPOST /account/edit/user HTTP/1.1[0m" 400 -
2024-04-06 16:23:40,892 INFO 127.0.0.1 - - [06/Apr/2024 16:23:40] "[31m[1mPOST /account/edit/user HTTP/1.1[0m" 400 -
2024-04-06 16:24:42,533 INFO  * Detected change in 'C:\\Projects\\WISH\\personal-account-backend\\backend\\entities\\forms.py', reloading
2024-04-06 16:24:42,626 INFO  * Restarting with stat
2024-04-06 16:24:43,481 INFO DATABASE LOAD.
2024-04-06 16:24:43,676 WARNING  * Debugger is active!
2024-04-06 16:24:43,685 INFO  * Debugger PIN: 328-982-154
2024-04-06 16:24:48,044 INFO DATABASE LOAD.
2024-04-06 16:24:48,266 INFO [31m[1mWARNING: This is a development server. Do not use it in a production deployment. Use a production WSGI server instead.[0m
 * Running on http://127.0.0.1:5000
2024-04-06 16:24:48,267 INFO [33mPress CTRL+C to quit[0m
2024-04-06 16:24:48,267 INFO  * Restarting with stat
2024-04-06 16:24:49,174 INFO DATABASE LOAD.
2024-04-06 16:24:49,427 WARNING  * Debugger is active!
2024-04-06 16:24:49,436 INFO  * Debugger PIN: 328-982-154
2024-04-06 16:24:50,711 INFO 127.0.0.1 - - [06/Apr/2024 16:24:50] "[35m[1mPOST /account/edit/user HTTP/1.1[0m" 500 -
2024-04-06 16:25:20,306 INFO  * Detected change in 'C:\\Projects\\WISH\\personal-account-backend\\backend\\entities\\__init__.py', reloading
2024-04-06 16:25:20,413 INFO  * Restarting with stat
2024-04-06 16:25:21,291 INFO DATABASE LOAD.
2024-04-06 16:25:21,505 WARNING  * Debugger is active!
2024-04-06 16:25:21,512 INFO  * Debugger PIN: 328-982-154
2024-04-06 16:25:39,684 INFO  * Detected change in 'C:\\Projects\\WISH\\personal-account-backend\\backend\\entities\\__init__.py', reloading
2024-04-06 16:25:39,771 INFO  * Restarting with stat
2024-04-06 16:25:40,526 INFO DATABASE LOAD.
2024-04-06 16:25:40,711 WARNING  * Debugger is active!
2024-04-06 16:25:40,721 INFO  * Debugger PIN: 328-982-154
2024-04-06 16:25:44,032 INFO DATABASE LOAD.
2024-04-06 16:25:44,268 INFO [31m[1mWARNING: This is a development server. Do not use it in a production deployment. Use a production WSGI server instead.[0m
 * Running on http://127.0.0.1:5000
2024-04-06 16:25:44,268 INFO [33mPress CTRL+C to quit[0m
2024-04-06 16:25:44,268 INFO  * Restarting with stat
2024-04-06 16:25:45,017 INFO DATABASE LOAD.
2024-04-06 16:25:45,201 WARNING  * Debugger is active!
2024-04-06 16:25:45,208 INFO  * Debugger PIN: 328-982-154
2024-04-06 16:25:50,516 INFO UPDATE users SET background_color=%s, first_name=%s, last_name=%s, patronymic=%s, birthday=%s, description=%s WHERE id = %s
2024-04-06 16:25:50,520 INFO 127.0.0.1 - - [06/Apr/2024 16:25:50] "POST /account/edit/user HTTP/1.1" 200 -
2024-04-06 16:27:49,503 INFO 127.0.0.1 - - [06/Apr/2024 16:27:49] "[31m[1mPOST /account/login HTTP/1.1[0m" 403 -
2024-04-06 16:28:38,550 INFO 127.0.0.1 - - [06/Apr/2024 16:28:38] "[31m[1mPOST /account/login HTTP/1.1[0m" 400 -
2024-04-06 16:29:54,645 INFO 127.0.0.1 - - [06/Apr/2024 16:29:54] "[31m[1mPOST /account/login HTTP/1.1[0m" 400 -
2024-04-06 16:30:09,489 INFO 127.0.0.1 - - [06/Apr/2024 16:30:09] "POST /account/registration HTTP/1.1" 200 -
2024-04-06 16:30:20,543 INFO 127.0.0.1 - - [06/Apr/2024 16:30:20] "[31m[1mPOST /account/login HTTP/1.1[0m" 400 -
2024-04-06 16:30:24,020 INFO 127.0.0.1 - - [06/Apr/2024 16:30:24] "[31m[1mPOST /account/login HTTP/1.1[0m" 400 -
2024-04-06 16:31:33,225 INFO  * Detected change in 'C:\\Projects\\WISH\\personal-account-backend\\backend\\account\\login.py', reloading
2024-04-06 16:31:33,353 INFO  * Restarting with stat
2024-04-06 16:34:02,388 INFO DATABASE LOAD.
2024-04-06 16:34:02,569 INFO [31m[1mWARNING: This is a development server. Do not use it in a production deployment. Use a production WSGI server instead.[0m
 * Running on http://127.0.0.1:5000
2024-04-06 16:34:02,569 INFO [33mPress CTRL+C to quit[0m
2024-04-06 16:34:02,570 INFO  * Restarting with stat
2024-04-06 16:34:03,384 INFO DATABASE LOAD.
2024-04-06 16:34:03,570 WARNING  * Debugger is active!
2024-04-06 16:34:03,578 INFO  * Debugger PIN: 328-982-154
2024-04-06 16:34:06,802 INFO 127.0.0.1 - - [06/Apr/2024 16:34:06] "POST /account/login HTTP/1.1" 200 -
2024-04-06 16:35:06,751 INFO  * Detected change in 'C:\\Projects\\WISH\\personal-account-backend\\backend\\account\\login.py', reloading
2024-04-06 16:35:06,842 INFO  * Restarting with stat
2024-04-06 16:35:07,605 INFO DATABASE LOAD.
2024-04-06 16:35:07,804 WARNING  * Debugger is active!
2024-04-06 16:35:07,813 INFO  * Debugger PIN: 328-982-154
